<?xml version='1.0' encoding='UTF-8'?>
<testsuite hostname="JK-IMac" name="com.kakaopay.investment.KakaoPayInvestmentServiceApplicationTest" tests="10" errors="0" failures="0" skipped="0" time="0.705" timestamp="2021-06-14T03:09:16">
                     <properties>
[...]
</properties>
                     <testcase classname="com.kakaopay.investment.KakaoPayInvestmentServiceApplicationTest" name="KakaoInvestmentServiceApplicationTest should 상품 조회시 모집기간 이내의 상품만 조회되어야 한다." time="0.436">
                                                 
                                               </testcase><testcase classname="com.kakaopay.investment.KakaoPayInvestmentServiceApplicationTest" name="KakaoInvestmentServiceApplicationTest should 모집기간 이외의 기간에 대한 조회시 응답을 하지 않고 에러를 내보낸다" time="0.029">
                                                 
                                               </testcase><testcase classname="com.kakaopay.investment.KakaoPayInvestmentServiceApplicationTest" name="KakaoInvestmentServiceApplicationTest should 투자하기 수행시 정상적으로 투자정보가 저장되어야 한다." time="0.121">
                                                 
                                               </testcase><testcase classname="com.kakaopay.investment.KakaoPayInvestmentServiceApplicationTest" name="KakaoInvestmentServiceApplicationTest should 존재하지 않는 상품 ID를 입력하는 경우 투자하기 기능이 동작하지 않아야 한다." time="0.008">
                                                 
                                               </testcase><testcase classname="com.kakaopay.investment.KakaoPayInvestmentServiceApplicationTest" name="KakaoInvestmentServiceApplicationTest should 0보다 작은 금액으로 투자하는 경우 투자하기 기능이 동작하지 않아야 한다." time="0.016">
                                                 
                                               </testcase><testcase classname="com.kakaopay.investment.KakaoPayInvestmentServiceApplicationTest" name="KakaoInvestmentServiceApplicationTest should 같은 유저가 같은 상품에 중복투자 할 수 없어야 한다." time="0.016">
                                                 
                                               </testcase><testcase classname="com.kakaopay.investment.KakaoPayInvestmentServiceApplicationTest" name="KakaoInvestmentServiceApplicationTest should 투자금액이 총 모집금액을 넘는 경우 잔여한도 만큼만 투자되고 상품은 sold-out 상태로 변경한다." time="0.015">
                                                 
                                               </testcase><testcase classname="com.kakaopay.investment.KakaoPayInvestmentServiceApplicationTest" name="KakaoInvestmentServiceApplicationTest should Sold-out 된 제품을 투자하려 하는 경우 투자하기 기능이 동작하지 않아야 하며 Sold-out 상태를 확인할 수 있어야 한다." time="0.011">
                                                 
                                               </testcase><testcase classname="com.kakaopay.investment.KakaoPayInvestmentServiceApplicationTest" name="KakaoInvestmentServiceApplicationTest should 투자한 이력이 없는 사용자의 나의 투자상품 조회시 반환된 결과값이 없어야 한다." time="0.007">
                                                 
                                               </testcase><testcase classname="com.kakaopay.investment.KakaoPayInvestmentServiceApplicationTest" name="KakaoInvestmentServiceApplicationTest should 나의 투자상품 조회시 해당 사용자에 대한 투자정보가 정상적으로 조회되어야 한다." time="0.046">
                                                 
                                               </testcase>
                     <system-out><![CDATA[]]></system-out>
                     <system-err><![CDATA[]]></system-err>
                   </testsuite>